<?xml version="1.0" encoding="UTF-8"?>
<testng-results ignored="0" total="1" passed="1" failed="0" skipped="0">
  <reporter-output>
  </reporter-output>
  <suite started-at="2023-03-25T07:44:09Z" name="Default suite" finished-at="2023-03-25T07:44:16Z" duration-ms="6750">
    <groups>
    </groups>
    <test started-at="2023-03-25T07:44:09Z" name="Default test" finished-at="2023-03-25T07:44:16Z" duration-ms="6750">
      <class name="tugas4.coba.APITestAfterRefactor">
        <test-method is-config="true" signature="loginAPI()[pri:0, instance:tugas4.coba.APITestAfterRefactor@69e49a81]" started-at="2023-03-25T07:44:09Z" name="loginAPI" finished-at="2023-03-25T07:44:13Z" duration-ms="3854" status="PASS">
          <reporter-output>
          </reporter-output>
        </test-method> <!-- loginAPI -->
        <test-method signature="signUpAPI()[pri:0, instance:tugas4.coba.APITestAfterRefactor@69e49a81]" started-at="2023-03-25T07:44:13Z" name="signUpAPI" finished-at="2023-03-25T07:44:16Z" duration-ms="2804" status="PASS">
          <reporter-output>
          </reporter-output>
        </test-method> <!-- signUpAPI -->
      </class> <!-- tugas4.coba.APITestAfterRefactor -->
    </test> <!-- Default test -->
  </suite> <!-- Default suite -->
</testng-results>
